c:\users\cruz\source\repos\gradius\x64\debug\vc142.pdb
c:\users\cruz\source\repos\gradius\x64\debug\vc142.idb
c:\users\cruz\source\repos\gradius\x64\debug\square.obj
c:\users\cruz\source\repos\gradius\x64\debug\update.obj
c:\users\cruz\source\repos\gradius\x64\debug\sound.obj
c:\users\cruz\source\repos\gradius\x64\debug\show.obj
c:\users\cruz\source\repos\gradius\x64\debug\restart.obj
c:\users\cruz\source\repos\gradius\x64\debug\main.obj
c:\users\cruz\source\repos\gradius\x64\debug\level.obj
c:\users\cruz\source\repos\gradius\x64\debug\key.obj
c:\users\cruz\source\repos\gradius\x64\debug\init.obj
c:\users\cruz\source\repos\gradius\x64\debug\enemy.obj
c:\users\cruz\source\repos\gradius\x64\debug\close.obj
c:\users\cruz\source\repos\gradius\x64\debug\activerect.obj
c:\users\cruz\source\repos\gradius\x64\debug\gradius.exe
c:\users\cruz\source\repos\gradius\x64\debug\gradius.ilk
c:\users\cruz\source\repos\gradius\x64\debug\gradius.pdb
c:\users\cruz\source\repos\gradius\x64\debug\gradius.tlog\cl.command.1.tlog
c:\users\cruz\source\repos\gradius\x64\debug\gradius.tlog\cl.read.1.tlog
c:\users\cruz\source\repos\gradius\x64\debug\gradius.tlog\cl.write.1.tlog
c:\users\cruz\source\repos\gradius\x64\debug\gradius.tlog\link.command.1.tlog
c:\users\cruz\source\repos\gradius\x64\debug\gradius.tlog\link.read.1.tlog
c:\users\cruz\source\repos\gradius\x64\debug\gradius.tlog\link.write.1.tlog
